<?xml version="1.0" encoding="UTF-8"?>
<testng-results skipped="0" failed="2" ignored="0" total="10" passed="8">
  <reporter-output>
  </reporter-output>
  <suite name="Suite" duration-ms="154934" started-at="2021-11-18T22:23:20 IST" finished-at="2021-11-18T22:25:55 IST">
    <groups>
    </groups>
    <test name="Test" duration-ms="8257" started-at="2021-11-18T22:23:20 IST" finished-at="2021-11-18T22:23:28 IST">
      <class name="Testcases.Homepage_TC">
        <test-method status="PASS" signature="setup()[pri:0, instance:Testcases.Homepage_TC@672872e1]" name="setup" is-config="true" duration-ms="2877" started-at="2021-11-18T22:23:20 IST" finished-at="2021-11-18T22:23:23 IST">
          <reporter-output>
          </reporter-output>
        </test-method> <!-- setup -->
        <test-method status="PASS" signature="Homepage()[pri:0, instance:Testcases.Homepage_TC@672872e1]" name="Homepage" duration-ms="4431" started-at="2021-11-18T22:23:23 IST" finished-at="2021-11-18T22:23:28 IST">
          <reporter-output>
          </reporter-output>
        </test-method> <!-- Homepage -->
        <test-method status="PASS" signature="tearDown()[pri:0, instance:Testcases.Homepage_TC@672872e1]" name="tearDown" is-config="true" duration-ms="887" started-at="2021-11-18T22:23:28 IST" finished-at="2021-11-18T22:23:28 IST">
          <reporter-output>
          </reporter-output>
        </test-method> <!-- tearDown -->
      </class> <!-- Testcases.Homepage_TC -->
    </test> <!-- Test -->
    <test name="Test2" duration-ms="15701" started-at="2021-11-18T22:23:29 IST" finished-at="2021-11-18T22:23:45 IST">
      <class name="Testcases.Loginpage_TC">
        <test-method status="PASS" signature="setup()[pri:0, instance:Testcases.Loginpage_TC@609db43b]" name="setup" is-config="true" duration-ms="1725" started-at="2021-11-18T22:23:29 IST" finished-at="2021-11-18T22:23:31 IST">
          <reporter-output>
          </reporter-output>
        </test-method> <!-- setup -->
        <test-method status="PASS" signature="Loginpage()[pri:0, instance:Testcases.Loginpage_TC@609db43b]" name="Loginpage" duration-ms="13044" started-at="2021-11-18T22:23:31 IST" finished-at="2021-11-18T22:23:44 IST">
          <reporter-output>
          </reporter-output>
        </test-method> <!-- Loginpage -->
        <test-method status="PASS" signature="tearDown()[pri:0, instance:Testcases.Loginpage_TC@609db43b]" name="tearDown" is-config="true" duration-ms="931" started-at="2021-11-18T22:23:44 IST" finished-at="2021-11-18T22:23:45 IST">
          <reporter-output>
          </reporter-output>
        </test-method> <!-- tearDown -->
      </class> <!-- Testcases.Loginpage_TC -->
    </test> <!-- Test2 -->
    <test name="Test3" duration-ms="17130" started-at="2021-11-18T22:23:45 IST" finished-at="2021-11-18T22:24:02 IST">
      <class name="Testcases.Hoveraction_TC">
        <test-method status="PASS" signature="setup()[pri:0, instance:Testcases.Hoveraction_TC@6497b078]" name="setup" is-config="true" duration-ms="1774" started-at="2021-11-18T22:23:45 IST" finished-at="2021-11-18T22:23:46 IST">
          <reporter-output>
          </reporter-output>
        </test-method> <!-- setup -->
        <test-method status="PASS" signature="Hover()[pri:0, instance:Testcases.Hoveraction_TC@6497b078]" name="Hover" duration-ms="14373" started-at="2021-11-18T22:23:46 IST" finished-at="2021-11-18T22:24:01 IST">
          <reporter-output>
          </reporter-output>
        </test-method> <!-- Hover -->
        <test-method status="PASS" signature="tearDown()[pri:0, instance:Testcases.Hoveraction_TC@6497b078]" name="tearDown" is-config="true" duration-ms="981" started-at="2021-11-18T22:24:01 IST" finished-at="2021-11-18T22:24:02 IST">
          <reporter-output>
          </reporter-output>
        </test-method> <!-- tearDown -->
      </class> <!-- Testcases.Hoveraction_TC -->
    </test> <!-- Test3 -->
    <test name="Test4" duration-ms="10225" started-at="2021-11-18T22:24:02 IST" finished-at="2021-11-18T22:24:12 IST">
      <class name="Testcases.SearchAction_TC">
        <test-method status="PASS" signature="setup()[pri:0, instance:Testcases.SearchAction_TC@4f67eb2a]" name="setup" is-config="true" duration-ms="1736" started-at="2021-11-18T22:24:02 IST" finished-at="2021-11-18T22:24:04 IST">
          <reporter-output>
          </reporter-output>
        </test-method> <!-- setup -->
        <test-method status="PASS" signature="Search()[pri:0, instance:Testcases.SearchAction_TC@4f67eb2a]" name="Search" duration-ms="7568" started-at="2021-11-18T22:24:04 IST" finished-at="2021-11-18T22:24:11 IST">
          <reporter-output>
          </reporter-output>
        </test-method> <!-- Search -->
        <test-method status="PASS" signature="tearDown()[pri:0, instance:Testcases.SearchAction_TC@4f67eb2a]" name="tearDown" is-config="true" duration-ms="918" started-at="2021-11-18T22:24:11 IST" finished-at="2021-11-18T22:24:12 IST">
          <reporter-output>
          </reporter-output>
        </test-method> <!-- tearDown -->
      </class> <!-- Testcases.SearchAction_TC -->
    </test> <!-- Test4 -->
    <test name="Test5" duration-ms="18217" started-at="2021-11-18T22:24:12 IST" finished-at="2021-11-18T22:24:30 IST">
      <class name="Testcases.CartCheckout_TC">
        <test-method status="PASS" signature="setup()[pri:0, instance:Testcases.CartCheckout_TC@76f2bbc1]" name="setup" is-config="true" duration-ms="1811" started-at="2021-11-18T22:24:12 IST" finished-at="2021-11-18T22:24:14 IST">
          <reporter-output>
          </reporter-output>
        </test-method> <!-- setup -->
        <test-method status="FAIL" signature="cartcheckout()[pri:0, instance:Testcases.CartCheckout_TC@76f2bbc1]" name="cartcheckout" duration-ms="14616" started-at="2021-11-18T22:24:14 IST" finished-at="2021-11-18T22:24:28 IST">
          <exception class="org.openqa.selenium.NoSuchElementException">
            <message>
              <![CDATA[no such element: Unable to locate element: {"method":"xpath","selector":"//a[@data-product-id='6957690618054']"}
  (Session info: chrome=96.0.4664.45)
For documentation on this error, please visit: https://www.seleniumhq.org/exceptions/no_such_element.html
Build info: version: '3.141.59', revision: 'e82be7d358', time: '2018-11-14T08:17:03'
System info: host: 'MT-31196458H', ip: '192.168.1.18', os.name: 'Windows 10', os.arch: 'amd64', os.version: '10.0', java.version: '1.8.0_202'
Driver info: org.openqa.selenium.chrome.ChromeDriver
Capabilities {acceptInsecureCerts: false, browserName: chrome, browserVersion: 96.0.4664.45, chrome: {chromedriverVersion: 96.0.4664.35 (8df3babf8da8f..., userDataDir: C:\Users\M1073121\AppData\L...}, goog:chromeOptions: {debuggerAddress: localhost:54593}, javascriptEnabled: true, networkConnectionEnabled: false, pageLoadStrategy: normal, platform: WINDOWS, platformName: WINDOWS, proxy: Proxy(), setWindowRect: true, strictFileInteractability: false, timeouts: {implicit: 0, pageLoad: 300000, script: 30000}, unhandledPromptBehavior: dismiss and notify, webauthn:extension:credBlob: true, webauthn:extension:largeBlob: true, webauthn:virtualAuthenticators: true}
Session ID: ba911953e13c5431685d7eb4df3d7081
*** Element info: {Using=xpath, value=//a[@data-product-id='6957690618054']}]]>
            </message>
            <full-stacktrace>
              <![CDATA[org.openqa.selenium.NoSuchElementException: no such element: Unable to locate element: {"method":"xpath","selector":"//a[@data-product-id='6957690618054']"}
  (Session info: chrome=96.0.4664.45)
For documentation on this error, please visit: https://www.seleniumhq.org/exceptions/no_such_element.html
Build info: version: '3.141.59', revision: 'e82be7d358', time: '2018-11-14T08:17:03'
System info: host: 'MT-31196458H', ip: '192.168.1.18', os.name: 'Windows 10', os.arch: 'amd64', os.version: '10.0', java.version: '1.8.0_202'
Driver info: org.openqa.selenium.chrome.ChromeDriver
Capabilities {acceptInsecureCerts: false, browserName: chrome, browserVersion: 96.0.4664.45, chrome: {chromedriverVersion: 96.0.4664.35 (8df3babf8da8f..., userDataDir: C:\Users\M1073121\AppData\L...}, goog:chromeOptions: {debuggerAddress: localhost:54593}, javascriptEnabled: true, networkConnectionEnabled: false, pageLoadStrategy: normal, platform: WINDOWS, platformName: WINDOWS, proxy: Proxy(), setWindowRect: true, strictFileInteractability: false, timeouts: {implicit: 0, pageLoad: 300000, script: 30000}, unhandledPromptBehavior: dismiss and notify, webauthn:extension:credBlob: true, webauthn:extension:largeBlob: true, webauthn:virtualAuthenticators: true}
Session ID: ba911953e13c5431685d7eb4df3d7081
*** Element info: {Using=xpath, value=//a[@data-product-id='6957690618054']}
at sun.reflect.NativeConstructorAccessorImpl.newInstance0(Native Method)
at sun.reflect.NativeConstructorAccessorImpl.newInstance(NativeConstructorAccessorImpl.java:62)
at sun.reflect.DelegatingConstructorAccessorImpl.newInstance(DelegatingConstructorAccessorImpl.java:45)
at java.lang.reflect.Constructor.newInstance(Constructor.java:423)
at org.openqa.selenium.remote.http.W3CHttpResponseCodec.createException(W3CHttpResponseCodec.java:187)
at org.openqa.selenium.remote.http.W3CHttpResponseCodec.decode(W3CHttpResponseCodec.java:122)
at org.openqa.selenium.remote.http.W3CHttpResponseCodec.decode(W3CHttpResponseCodec.java:49)
at org.openqa.selenium.remote.HttpCommandExecutor.execute(HttpCommandExecutor.java:158)
at org.openqa.selenium.remote.service.DriverCommandExecutor.execute(DriverCommandExecutor.java:83)
at org.openqa.selenium.remote.RemoteWebDriver.execute(RemoteWebDriver.java:552)
at org.openqa.selenium.remote.RemoteWebDriver.findElement(RemoteWebDriver.java:323)
at org.openqa.selenium.remote.RemoteWebDriver.findElementByXPath(RemoteWebDriver.java:428)
at org.openqa.selenium.By$ByXPath.findElement(By.java:353)
at org.openqa.selenium.remote.RemoteWebDriver.findElement(RemoteWebDriver.java:315)
at org.openqa.selenium.support.pagefactory.DefaultElementLocator.findElement(DefaultElementLocator.java:69)
at org.openqa.selenium.support.pagefactory.internal.LocatingElementHandler.invoke(LocatingElementHandler.java:38)
at com.sun.proxy.$Proxy26.click(Unknown Source)
at Testcases.CartCheckout_TC.cartcheckout(CartCheckout_TC.java:26)
at sun.reflect.NativeMethodAccessorImpl.invoke0(Native Method)
at sun.reflect.NativeMethodAccessorImpl.invoke(NativeMethodAccessorImpl.java:62)
at sun.reflect.DelegatingMethodAccessorImpl.invoke(DelegatingMethodAccessorImpl.java:43)
at java.lang.reflect.Method.invoke(Method.java:498)
at org.testng.internal.MethodInvocationHelper.invokeMethod(MethodInvocationHelper.java:133)
at org.testng.internal.TestInvoker.invokeMethod(TestInvoker.java:598)
at org.testng.internal.TestInvoker.invokeTestMethod(TestInvoker.java:173)
at org.testng.internal.MethodRunner.runInSequence(MethodRunner.java:46)
at org.testng.internal.TestInvoker$MethodInvocationAgent.invoke(TestInvoker.java:824)
at org.testng.internal.TestInvoker.invokeTestMethods(TestInvoker.java:146)
at org.testng.internal.TestMethodWorker.invokeTestMethods(TestMethodWorker.java:146)
at org.testng.internal.TestMethodWorker.run(TestMethodWorker.java:128)
at java.util.ArrayList.forEach(ArrayList.java:1257)
at org.testng.TestRunner.privateRun(TestRunner.java:794)
at org.testng.TestRunner.run(TestRunner.java:596)
at org.testng.SuiteRunner.runTest(SuiteRunner.java:377)
at org.testng.SuiteRunner.runSequentially(SuiteRunner.java:371)
at org.testng.SuiteRunner.privateRun(SuiteRunner.java:332)
at org.testng.SuiteRunner.run(SuiteRunner.java:276)
at org.testng.SuiteRunnerWorker.runSuite(SuiteRunnerWorker.java:53)
at org.testng.SuiteRunnerWorker.run(SuiteRunnerWorker.java:96)
at org.testng.TestNG.runSuitesSequentially(TestNG.java:1212)
at org.testng.TestNG.runSuitesLocally(TestNG.java:1134)
at org.testng.TestNG.runSuites(TestNG.java:1063)
at org.testng.TestNG.run(TestNG.java:1031)
at org.apache.maven.surefire.testng.TestNGExecutor.run(TestNGExecutor.java:284)
at org.apache.maven.surefire.testng.TestNGXmlTestSuite.execute(TestNGXmlTestSuite.java:75)
at org.apache.maven.surefire.testng.TestNGProvider.invoke(TestNGProvider.java:119)
at org.apache.maven.surefire.booter.ForkedBooter.runSuitesInProcess(ForkedBooter.java:428)
at org.apache.maven.surefire.booter.ForkedBooter.execute(ForkedBooter.java:162)
at org.apache.maven.surefire.booter.ForkedBooter.run(ForkedBooter.java:562)
at org.apache.maven.surefire.booter.ForkedBooter.main(ForkedBooter.java:548)
]]>
            </full-stacktrace>
          </exception> <!-- org.openqa.selenium.NoSuchElementException -->
          <reporter-output>
          </reporter-output>
        </test-method> <!-- cartcheckout -->
        <test-method status="PASS" signature="tearDown()[pri:0, instance:Testcases.CartCheckout_TC@76f2bbc1]" name="tearDown" is-config="true" duration-ms="959" started-at="2021-11-18T22:24:29 IST" finished-at="2021-11-18T22:24:30 IST">
          <reporter-output>
          </reporter-output>
        </test-method> <!-- tearDown -->
      </class> <!-- Testcases.CartCheckout_TC -->
    </test> <!-- Test5 -->
    <test name="Test6" duration-ms="25761" started-at="2021-11-18T22:24:30 IST" finished-at="2021-11-18T22:24:56 IST">
      <class name="Testcases.Contactpage_TC">
        <test-method status="PASS" signature="setup()[pri:0, instance:Testcases.Contactpage_TC@2cdd0d4b]" name="setup" is-config="true" duration-ms="1745" started-at="2021-11-18T22:24:30 IST" finished-at="2021-11-18T22:24:32 IST">
          <reporter-output>
          </reporter-output>
        </test-method> <!-- setup -->
        <test-method status="FAIL" signature="ContactPage()[pri:0, instance:Testcases.Contactpage_TC@2cdd0d4b]" name="ContactPage" duration-ms="22772" started-at="2021-11-18T22:24:32 IST" finished-at="2021-11-18T22:24:55 IST">
          <exception class="org.openqa.selenium.NoSuchElementException">
            <message>
              <![CDATA[no such element: Unable to locate element: {"method":"xpath","selector":"//p[@class='note note--success']"}
  (Session info: chrome=96.0.4664.45)
For documentation on this error, please visit: https://www.seleniumhq.org/exceptions/no_such_element.html
Build info: version: '3.141.59', revision: 'e82be7d358', time: '2018-11-14T08:17:03'
System info: host: 'MT-31196458H', ip: '192.168.1.18', os.name: 'Windows 10', os.arch: 'amd64', os.version: '10.0', java.version: '1.8.0_202'
Driver info: org.openqa.selenium.chrome.ChromeDriver
Capabilities {acceptInsecureCerts: false, browserName: chrome, browserVersion: 96.0.4664.45, chrome: {chromedriverVersion: 96.0.4664.35 (8df3babf8da8f..., userDataDir: C:\Users\M1073121\AppData\L...}, goog:chromeOptions: {debuggerAddress: localhost:54787}, javascriptEnabled: true, networkConnectionEnabled: false, pageLoadStrategy: normal, platform: WINDOWS, platformName: WINDOWS, proxy: Proxy(), setWindowRect: true, strictFileInteractability: false, timeouts: {implicit: 0, pageLoad: 300000, script: 30000}, unhandledPromptBehavior: dismiss and notify, webauthn:extension:credBlob: true, webauthn:extension:largeBlob: true, webauthn:virtualAuthenticators: true}
Session ID: 21f858bb0b08056ec68b0105b9d2220b
*** Element info: {Using=xpath, value=//p[@class='note note--success']}]]>
            </message>
            <full-stacktrace>
              <![CDATA[org.openqa.selenium.NoSuchElementException: no such element: Unable to locate element: {"method":"xpath","selector":"//p[@class='note note--success']"}
  (Session info: chrome=96.0.4664.45)
For documentation on this error, please visit: https://www.seleniumhq.org/exceptions/no_such_element.html
Build info: version: '3.141.59', revision: 'e82be7d358', time: '2018-11-14T08:17:03'
System info: host: 'MT-31196458H', ip: '192.168.1.18', os.name: 'Windows 10', os.arch: 'amd64', os.version: '10.0', java.version: '1.8.0_202'
Driver info: org.openqa.selenium.chrome.ChromeDriver
Capabilities {acceptInsecureCerts: false, browserName: chrome, browserVersion: 96.0.4664.45, chrome: {chromedriverVersion: 96.0.4664.35 (8df3babf8da8f..., userDataDir: C:\Users\M1073121\AppData\L...}, goog:chromeOptions: {debuggerAddress: localhost:54787}, javascriptEnabled: true, networkConnectionEnabled: false, pageLoadStrategy: normal, platform: WINDOWS, platformName: WINDOWS, proxy: Proxy(), setWindowRect: true, strictFileInteractability: false, timeouts: {implicit: 0, pageLoad: 300000, script: 30000}, unhandledPromptBehavior: dismiss and notify, webauthn:extension:credBlob: true, webauthn:extension:largeBlob: true, webauthn:virtualAuthenticators: true}
Session ID: 21f858bb0b08056ec68b0105b9d2220b
*** Element info: {Using=xpath, value=//p[@class='note note--success']}
at sun.reflect.NativeConstructorAccessorImpl.newInstance0(Native Method)
at sun.reflect.NativeConstructorAccessorImpl.newInstance(NativeConstructorAccessorImpl.java:62)
at sun.reflect.DelegatingConstructorAccessorImpl.newInstance(DelegatingConstructorAccessorImpl.java:45)
at java.lang.reflect.Constructor.newInstance(Constructor.java:423)
at org.openqa.selenium.remote.http.W3CHttpResponseCodec.createException(W3CHttpResponseCodec.java:187)
at org.openqa.selenium.remote.http.W3CHttpResponseCodec.decode(W3CHttpResponseCodec.java:122)
at org.openqa.selenium.remote.http.W3CHttpResponseCodec.decode(W3CHttpResponseCodec.java:49)
at org.openqa.selenium.remote.HttpCommandExecutor.execute(HttpCommandExecutor.java:158)
at org.openqa.selenium.remote.service.DriverCommandExecutor.execute(DriverCommandExecutor.java:83)
at org.openqa.selenium.remote.RemoteWebDriver.execute(RemoteWebDriver.java:552)
at org.openqa.selenium.remote.RemoteWebDriver.findElement(RemoteWebDriver.java:323)
at org.openqa.selenium.remote.RemoteWebDriver.findElementByXPath(RemoteWebDriver.java:428)
at org.openqa.selenium.By$ByXPath.findElement(By.java:353)
at org.openqa.selenium.remote.RemoteWebDriver.findElement(RemoteWebDriver.java:315)
at org.openqa.selenium.support.pagefactory.DefaultElementLocator.findElement(DefaultElementLocator.java:69)
at org.openqa.selenium.support.pagefactory.internal.LocatingElementHandler.invoke(LocatingElementHandler.java:38)
at com.sun.proxy.$Proxy26.isDisplayed(Unknown Source)
at Testcases.Contactpage_TC.ContactPage(Contactpage_TC.java:30)
at sun.reflect.NativeMethodAccessorImpl.invoke0(Native Method)
at sun.reflect.NativeMethodAccessorImpl.invoke(NativeMethodAccessorImpl.java:62)
at sun.reflect.DelegatingMethodAccessorImpl.invoke(DelegatingMethodAccessorImpl.java:43)
at java.lang.reflect.Method.invoke(Method.java:498)
at org.testng.internal.MethodInvocationHelper.invokeMethod(MethodInvocationHelper.java:133)
at org.testng.internal.TestInvoker.invokeMethod(TestInvoker.java:598)
at org.testng.internal.TestInvoker.invokeTestMethod(TestInvoker.java:173)
at org.testng.internal.MethodRunner.runInSequence(MethodRunner.java:46)
at org.testng.internal.TestInvoker$MethodInvocationAgent.invoke(TestInvoker.java:824)
at org.testng.internal.TestInvoker.invokeTestMethods(TestInvoker.java:146)
at org.testng.internal.TestMethodWorker.invokeTestMethods(TestMethodWorker.java:146)
at org.testng.internal.TestMethodWorker.run(TestMethodWorker.java:128)
at java.util.ArrayList.forEach(ArrayList.java:1257)
at org.testng.TestRunner.privateRun(TestRunner.java:794)
at org.testng.TestRunner.run(TestRunner.java:596)
at org.testng.SuiteRunner.runTest(SuiteRunner.java:377)
at org.testng.SuiteRunner.runSequentially(SuiteRunner.java:371)
at org.testng.SuiteRunner.privateRun(SuiteRunner.java:332)
at org.testng.SuiteRunner.run(SuiteRunner.java:276)
at org.testng.SuiteRunnerWorker.runSuite(SuiteRunnerWorker.java:53)
at org.testng.SuiteRunnerWorker.run(SuiteRunnerWorker.java:96)
at org.testng.TestNG.runSuitesSequentially(TestNG.java:1212)
at org.testng.TestNG.runSuitesLocally(TestNG.java:1134)
at org.testng.TestNG.runSuites(TestNG.java:1063)
at org.testng.TestNG.run(TestNG.java:1031)
at org.apache.maven.surefire.testng.TestNGExecutor.run(TestNGExecutor.java:284)
at org.apache.maven.surefire.testng.TestNGXmlTestSuite.execute(TestNGXmlTestSuite.java:75)
at org.apache.maven.surefire.testng.TestNGProvider.invoke(TestNGProvider.java:119)
at org.apache.maven.surefire.booter.ForkedBooter.runSuitesInProcess(ForkedBooter.java:428)
at org.apache.maven.surefire.booter.ForkedBooter.execute(ForkedBooter.java:162)
at org.apache.maven.surefire.booter.ForkedBooter.run(ForkedBooter.java:562)
at org.apache.maven.surefire.booter.ForkedBooter.main(ForkedBooter.java:548)
]]>
            </full-stacktrace>
          </exception> <!-- org.openqa.selenium.NoSuchElementException -->
          <reporter-output>
          </reporter-output>
        </test-method> <!-- ContactPage -->
        <test-method status="PASS" signature="tearDown()[pri:0, instance:Testcases.Contactpage_TC@2cdd0d4b]" name="tearDown" is-config="true" duration-ms="1039" started-at="2021-11-18T22:24:55 IST" finished-at="2021-11-18T22:24:56 IST">
          <reporter-output>
          </reporter-output>
        </test-method> <!-- tearDown -->
      </class> <!-- Testcases.Contactpage_TC -->
    </test> <!-- Test6 -->
    <test name="Test7" duration-ms="12275" started-at="2021-11-18T22:24:56 IST" finished-at="2021-11-18T22:25:08 IST">
      <class name="Testcases.AddGiftcard_TC">
        <test-method status="PASS" signature="setup()[pri:0, instance:Testcases.AddGiftcard_TC@524d6d96]" name="setup" is-config="true" duration-ms="1844" started-at="2021-11-18T22:24:56 IST" finished-at="2021-11-18T22:24:58 IST">
          <reporter-output>
          </reporter-output>
        </test-method> <!-- setup -->
        <test-method status="PASS" signature="AddGift()[pri:0, instance:Testcases.AddGiftcard_TC@524d6d96]" name="AddGift" duration-ms="9450" started-at="2021-11-18T22:24:58 IST" finished-at="2021-11-18T22:25:07 IST">
          <reporter-output>
          </reporter-output>
        </test-method> <!-- AddGift -->
        <test-method status="PASS" signature="tearDown()[pri:0, instance:Testcases.AddGiftcard_TC@524d6d96]" name="tearDown" is-config="true" duration-ms="981" started-at="2021-11-18T22:25:07 IST" finished-at="2021-11-18T22:25:08 IST">
          <reporter-output>
          </reporter-output>
        </test-method> <!-- tearDown -->
      </class> <!-- Testcases.AddGiftcard_TC -->
    </test> <!-- Test7 -->
    <test name="Test8" duration-ms="18293" started-at="2021-11-18T22:25:09 IST" finished-at="2021-11-18T22:25:27 IST">
      <class name="Testcases.Wishlistpage_TC">
        <test-method status="PASS" signature="setup()[pri:0, instance:Testcases.Wishlistpage_TC@1bb266b3]" name="setup" is-config="true" duration-ms="1751" started-at="2021-11-18T22:25:09 IST" finished-at="2021-11-18T22:25:10 IST">
          <reporter-output>
          </reporter-output>
        </test-method> <!-- setup -->
        <test-method status="PASS" signature="wishlist()[pri:0, instance:Testcases.Wishlistpage_TC@1bb266b3]" name="wishlist" duration-ms="15544" started-at="2021-11-18T22:25:10 IST" finished-at="2021-11-18T22:25:26 IST">
          <reporter-output>
          </reporter-output>
        </test-method> <!-- wishlist -->
        <test-method status="PASS" signature="tearDown()[pri:0, instance:Testcases.Wishlistpage_TC@1bb266b3]" name="tearDown" is-config="true" duration-ms="997" started-at="2021-11-18T22:25:26 IST" finished-at="2021-11-18T22:25:27 IST">
          <reporter-output>
          </reporter-output>
        </test-method> <!-- tearDown -->
      </class> <!-- Testcases.Wishlistpage_TC -->
    </test> <!-- Test8 -->
    <test name="Test9" duration-ms="13687" started-at="2021-11-18T22:25:27 IST" finished-at="2021-11-18T22:25:41 IST">
      <class name="Testcases.HeaderLink_TC">
        <test-method status="PASS" signature="setup()[pri:0, instance:Testcases.HeaderLink_TC@e1de817]" name="setup" is-config="true" duration-ms="1764" started-at="2021-11-18T22:25:27 IST" finished-at="2021-11-18T22:25:29 IST">
          <reporter-output>
          </reporter-output>
        </test-method> <!-- setup -->
        <test-method status="PASS" signature="HeaderLinks()[pri:0, instance:Testcases.HeaderLink_TC@e1de817]" name="HeaderLinks" duration-ms="10958" started-at="2021-11-18T22:25:29 IST" finished-at="2021-11-18T22:25:40 IST">
          <reporter-output>
          </reporter-output>
        </test-method> <!-- HeaderLinks -->
        <test-method status="PASS" signature="tearDown()[pri:0, instance:Testcases.HeaderLink_TC@e1de817]" name="tearDown" is-config="true" duration-ms="964" started-at="2021-11-18T22:25:40 IST" finished-at="2021-11-18T22:25:41 IST">
          <reporter-output>
          </reporter-output>
        </test-method> <!-- tearDown -->
      </class> <!-- Testcases.HeaderLink_TC -->
    </test> <!-- Test9 -->
    <test name="Test10" duration-ms="14506" started-at="2021-11-18T22:25:41 IST" finished-at="2021-11-18T22:25:55 IST">
      <class name="Testcases.AllproductTab_TC">
        <test-method status="PASS" signature="ext()[pri:0, instance:Testcases.AllproductTab_TC@13b13b5d]" name="ext" is-config="true" duration-ms="198" started-at="2021-11-18T22:23:20 IST" finished-at="2021-11-18T22:23:20 IST">
          <reporter-output>
          </reporter-output>
        </test-method> <!-- ext -->
        <test-method status="PASS" signature="setup()[pri:0, instance:Testcases.AllproductTab_TC@13b13b5d]" name="setup" is-config="true" duration-ms="1785" started-at="2021-11-18T22:25:41 IST" finished-at="2021-11-18T22:25:42 IST">
          <reporter-output>
          </reporter-output>
        </test-method> <!-- setup -->
        <test-method status="PASS" signature="AllTab()[pri:0, instance:Testcases.AllproductTab_TC@13b13b5d]" name="AllTab" duration-ms="11795" started-at="2021-11-18T22:25:42 IST" finished-at="2021-11-18T22:25:54 IST">
          <reporter-output>
          </reporter-output>
        </test-method> <!-- AllTab -->
        <test-method status="PASS" signature="tearDown()[pri:0, instance:Testcases.AllproductTab_TC@13b13b5d]" name="tearDown" is-config="true" duration-ms="924" started-at="2021-11-18T22:25:54 IST" finished-at="2021-11-18T22:25:55 IST">
          <reporter-output>
          </reporter-output>
        </test-method> <!-- tearDown -->
      </class> <!-- Testcases.AllproductTab_TC -->
    </test> <!-- Test10 -->
  </suite> <!-- Suite -->
</testng-results>
